\BOOKMARK [1][-]{section.1}{Introduction}{}% 1
\BOOKMARK [1][-]{section.2}{Background Theory}{}% 2
\BOOKMARK [2][-]{subsection.2.1}{Standard Model of Cosmology}{section.2}% 3
\BOOKMARK [3][-]{subsubsection.2.1.1}{Matter Distribution}{subsection.2.1}% 4
\BOOKMARK [2][-]{subsection.2.2}{Bending of Light}{section.2}% 5
\BOOKMARK [3][-]{subsubsection.2.2.1}{Newtonian Lens}{subsection.2.2}% 6
\BOOKMARK [3][-]{subsubsection.2.2.2}{General Relativistic Bending of Light}{subsection.2.2}% 7
\BOOKMARK [2][-]{subsection.2.3}{Weak Lensing Formalism}{section.2}% 8
\BOOKMARK [3][-]{subsubsection.2.3.1}{Weak thin lens}{subsection.2.3}% 9
\BOOKMARK [3][-]{subsubsection.2.3.2}{Differential deflection of adjacent light rays}{subsection.2.3}% 10
\BOOKMARK [1][-]{section.3}{Measuring Shear \(Images to Catalogs\)}{}% 11
\BOOKMARK [2][-]{subsubsection.3.0.1}{Object Detection}{section.3}% 12
\BOOKMARK [3][-]{subsubsection.3.0.2}{Shape Extraction}{subsubsection.3.0.1}% 13
\BOOKMARK [3][-]{subsubsection.3.0.3}{Point Spread Function}{subsubsection.3.0.1}% 14
\BOOKMARK [1][-]{section.4}{Catalogs to Science}{}% 15
\BOOKMARK [2][-]{subsection.4.1}{Convergence Power Spectrum}{section.4}% 16
\BOOKMARK [2][-]{subsection.4.2}{Cosmic Shear}{section.4}% 17
\BOOKMARK [2][-]{subsection.4.3}{Cosmic Tomography}{section.4}% 18
\BOOKMARK [1][-]{section.5}{Weak Lensing Results}{}% 19
\BOOKMARK [1][-]{section.6}{Problematic Systematics}{}% 20
